# In Brewfile
M Manual, documented
- No needed
D Installed by default?

# Caffeine.app
# Dropbox.app
# GitHub Desktop.app
# Google Chrome.app
# ResolutionTab.app
# Skype.app
# Slack.app
# Speedtest.app
# Twitter.app
# Typora.app
# Vagrant Manager.app
# VirtualBox.app
# Visual Studio Code.app
# WhatsApp.app
# Xcode.app
# iTerm.app
# zoom.us.app
# Postman.app
# Sparkle.app
- Junos Pulse.app
- Pulse Secure.app
- Cisco Webex Meetings.app
- GoToMeeting
- IDLE 3.app
- Kitematic (Beta).app
- Reditr.app
- Boxy SVG.app
D GarageBand.app
D Keynote.app
D Numbers.app
D Pages.app
D QuickTime Player 7.app
D Safari.app
D iMovie.app
M Docker.app
M Microsoft Excel.app
M Microsoft Lync.app
M Microsoft OneNote.app
M Microsoft Outlook.app
M Microsoft PowerPoint.app
M Microsoft Teams.app
M Microsoft Word.app
M HP Easy Scan.app




